# JRE version: Java(TM) SE Runtime Environment (8.0_241-b07) (build 1.8.0_241-b07)
# Java VM: Java HotSpot(TM) 64-Bit Server VM (25.241-b07 mixed mode windows-amd64 compressed oops)
Heap:
 PSYoungGen      total 372224K, used 9140K [0x00000000d6500000, 0x00000000f5480000, 0x0000000100000000)
  eden space 359424K, 2% used [0x00000000d6500000,0x00000000d6ded078,0x00000000ec400000)
  from space 12800K, 0% used [0x00000000ec400000,0x00000000ec400000,0x00000000ed080000)
  to   space 16384K, 0% used [0x00000000f4480000,0x00000000f4480000,0x00000000f5480000)
 ParOldGen       total 83968K, used 25529K [0x0000000082e00000, 0x0000000088000000, 0x00000000d6500000)
  object space 83968K, 30% used [0x0000000082e00000,0x00000000846ee5a8,0x0000000088000000)
 Metaspace       used 55604K, capacity 58996K, committed 59284K, reserved 1099776K
  class space    used 7597K, capacity 8126K, committed 8192K, reserved 1048576K
GC Heap History (10 events):
Event: 3.883 GC heap before
{Heap before GC invocations=10 (full 1):
 PSYoungGen      total 251392K, used 56761K [0x00000000d6500000, 0x00000000e6680000, 0x0000000100000000)
  eden space 242688K, 19% used [0x00000000d6500000,0x00000000d93f1660,0x00000000e5200000)
  from space 8704K, 99% used [0x00000000e5e00000,0x00000000e667d0a0,0x00000000e6680000)
  to   space 10240K, 0% used [0x00000000e5280000,0x00000000e5280000,0x00000000e5c80000)
 ParOldGen       total 43008K, used 5582K [0x0000000082e00000, 0x0000000085800000, 0x00000000d6500000)
  object space 43008K, 12% used [0x0000000082e00000,0x00000000833738d8,0x0000000085800000)
 Metaspace       used 33342K, capacity 35280K, committed 35416K, reserved 1081344K
  class space    used 4211K, capacity 4600K, committed 4608K, reserved 1048576K
Event: 3.894 GC heap after
Heap after GC invocations=10 (full 1):
 PSYoungGen      total 253440K, used 8162K [0x00000000d6500000, 0x00000000edd00000, 0x0000000100000000)
  eden space 243200K, 0% used [0x00000000d6500000,0x00000000d6500000,0x00000000e5280000)
  from space 10240K, 79% used [0x00000000e5280000,0x00000000e5a789f8,0x00000000e5c80000)
  to   space 10752K, 0% used [0x00000000ed280000,0x00000000ed280000,0x00000000edd00000)
 ParOldGen       total 43008K, used 5590K [0x0000000082e00000, 0x0000000085800000, 0x00000000d6500000)
  object space 43008K, 12% used [0x0000000082e00000,0x00000000833758d8,0x0000000085800000)
 Metaspace       used 33342K, capacity 35280K, committed 35416K, reserved 1081344K
  class space    used 4211K, capacity 4600K, committed 4608K, reserved 1048576K
}
Event: 3.894 GC heap before
{Heap before GC invocations=11 (full 2):
 PSYoungGen      total 253440K, used 8162K [0x00000000d6500000, 0x00000000edd00000, 0x0000000100000000)
  eden space 243200K, 0% used [0x00000000d6500000,0x00000000d6500000,0x00000000e5280000)
  from space 10240K, 79% used [0x00000000e5280000,0x00000000e5a789f8,0x00000000e5c80000)
  to   space 10752K, 0% used [0x00000000ed280000,0x00000000ed280000,0x00000000edd00000)
 ParOldGen       total 43008K, used 5590K [0x0000000082e00000, 0x0000000085800000, 0x00000000d6500000)
  object space 43008K, 12% used [0x0000000082e00000,0x00000000833758d8,0x0000000085800000)
 Metaspace       used 33342K, capacity 35280K, committed 35416K, reserved 1081344K
  class space    used 4211K, capacity 4600K, committed 4608K, reserved 1048576K
Event: 3.947 GC heap after
Heap after GC invocations=11 (full 2):
 PSYoungGen      total 253440K, used 0K [0x00000000d6500000, 0x00000000edd00000, 0x0000000100000000)
  eden space 243200K, 0% used [0x00000000d6500000,0x00000000d6500000,0x00000000e5280000)
  from space 10240K, 0% used [0x00000000e5280000,0x00000000e5280000,0x00000000e5c80000)
  to   space 10752K, 0% used [0x00000000ed280000,0x00000000ed280000,0x00000000edd00000)
 ParOldGen       total 60416K, used 12301K [0x0000000082e00000, 0x0000000086900000, 0x00000000d6500000)
  object space 60416K, 20% used [0x0000000082e00000,0x0000000083a037f8,0x0000000086900000)
 Metaspace       used 33342K, capacity 35280K, committed 35416K, reserved 1081344K
  class space    used 4211K, capacity 4600K, committed 4608K, reserved 1048576K
}
Event: 5.133 GC heap before
{Heap before GC invocations=12 (full 2):
 PSYoungGen      total 253440K, used 243200K [0x00000000d6500000, 0x00000000edd00000, 0x0000000100000000)
  eden space 243200K, 100% used [0x00000000d6500000,0x00000000e5280000,0x00000000e5280000)
  from space 10240K, 0% used [0x00000000e5280000,0x00000000e5280000,0x00000000e5c80000)
  to   space 10752K, 0% used [0x00000000ed280000,0x00000000ed280000,0x00000000edd00000)
 ParOldGen       total 60416K, used 12301K [0x0000000082e00000, 0x0000000086900000, 0x00000000d6500000)
  object space 60416K, 20% used [0x0000000082e00000,0x0000000083a037f8,0x0000000086900000)
 Metaspace       used 43325K, capacity 45914K, committed 46080K, reserved 1089536K
  class space    used 5712K, capacity 6143K, committed 6144K, reserved 1048576K
Event: 5.145 GC heap after
Heap after GC invocations=12 (full 2):
 PSYoungGen      total 355328K, used 10727K [0x00000000d6500000, 0x00000000edd00000, 0x0000000100000000)
  eden space 344576K, 0% used [0x00000000d6500000,0x00000000d6500000,0x00000000eb580000)
  from space 10752K, 99% used [0x00000000ed280000,0x00000000edcf9ce8,0x00000000edd00000)
  to   space 12800K, 0% used [0x00000000ec400000,0x00000000ec400000,0x00000000ed080000)
 ParOldGen       total 60416K, used 15129K [0x0000000082e00000, 0x0000000086900000, 0x00000000d6500000)
  object space 60416K, 25% used [0x0000000082e00000,0x0000000083cc6540,0x0000000086900000)
 Metaspace       used 43325K, capacity 45914K, committed 46080K, reserved 1089536K
  class space    used 5712K, capacity 6143K, committed 6144K, reserved 1048576K
}
Event: 63.489 GC heap before
{Heap before GC invocations=13 (full 2):
 PSYoungGen      total 355328K, used 308525K [0x00000000d6500000, 0x00000000edd00000, 0x0000000100000000)
  eden space 344576K, 86% used [0x00000000d6500000,0x00000000e87d1a90,0x00000000eb580000)
  from space 10752K, 99% used [0x00000000ed280000,0x00000000edcf9ce8,0x00000000edd00000)
  to   space 12800K, 0% used [0x00000000ec400000,0x00000000ec400000,0x00000000ed080000)
 ParOldGen       total 60416K, used 15129K [0x0000000082e00000, 0x0000000086900000, 0x00000000d6500000)
  object space 60416K, 25% used [0x0000000082e00000,0x0000000083cc6540,0x0000000086900000)
 Metaspace       used 55600K, capacity 58932K, committed 59028K, reserved 1099776K
  class space    used 7595K, capacity 8126K, committed 8192K, reserved 1048576K
Event: 63.507 GC heap after
Heap after GC invocations=13 (full 2):
 PSYoungGen      total 372224K, used 12797K [0x00000000d6500000, 0x00000000f5480000, 0x0000000100000000)
  eden space 359424K, 0% used [0x00000000d6500000,0x00000000d6500000,0x00000000ec400000)
  from space 12800K, 99% used [0x00000000ec400000,0x00000000ed07f680,0x00000000ed080000)
  to   space 16384K, 0% used [0x00000000f4480000,0x00000000f4480000,0x00000000f5480000)
 ParOldGen       total 60416K, used 20379K [0x0000000082e00000, 0x0000000086900000, 0x00000000d6500000)
  object space 60416K, 33% used [0x0000000082e00000,0x00000000841e6e58,0x0000000086900000)
 Metaspace       used 55600K, capacity 58932K, committed 59028K, reserved 1099776K
  class space    used 7595K, capacity 8126K, committed 8192K, reserved 1048576K
}
Event: 63.507 GC heap before
{Heap before GC invocations=14 (full 3):
 PSYoungGen      total 372224K, used 12797K [0x00000000d6500000, 0x00000000f5480000, 0x0000000100000000)
  eden space 359424K, 0% used [0x00000000d6500000,0x00000000d6500000,0x00000000ec400000)
  from space 12800K, 99% used [0x00000000ec400000,0x00000000ed07f680,0x00000000ed080000)
  to   space 16384K, 0% used [0x00000000f4480000,0x00000000f4480000,0x00000000f5480000)
 ParOldGen       total 60416K, used 20379K [0x0000000082e00000, 0x0000000086900000, 0x00000000d6500000)
  object space 60416K, 33% used [0x0000000082e00000,0x00000000841e6e58,0x0000000086900000)
 Metaspace       used 55600K, capacity 58932K, committed 59028K, reserved 1099776K
  class space    used 7595K, capacity 8126K, committed 8192K, reserved 1048576K
Event: 63.612 GC heap after
Heap after GC invocations=14 (full 3):
 PSYoungGen      total 372224K, used 0K [0x00000000d6500000, 0x00000000f5480000, 0x0000000100000000)
  eden space 359424K, 0% used [0x00000000d6500000,0x00000000d6500000,0x00000000ec400000)
  from space 12800K, 0% used [0x00000000ec400000,0x00000000ec400000,0x00000000ed080000)
  to   space 16384K, 0% used [0x00000000f4480000,0x00000000f4480000,0x00000000f5480000)
 ParOldGen       total 83968K, used 25529K [0x0000000082e00000, 0x0000000088000000, 0x00000000d6500000)
  object space 83968K, 30% used [0x0000000082e00000,0x00000000846ee5a8,0x0000000088000000)
 Metaspace       used 55600K, capacity 58932K, committed 59028K, reserved 1099776K
  class space    used 7595K, capacity 8126K, committed 8192K, reserved 1048576K
}

